# JRE version: OpenJDK Runtime Environment (8.0_112-b06) (build 1.8.0_112-release-b06)
# Java VM: OpenJDK 64-Bit Server VM (25.112-b06 mixed mode windows-amd64 compressed oops)
Heap:
 PSYoungGen      total 382976K, used 210489K [0x00000000e0000000, 0x0000000100000000, 0x0000000100000000)
  eden space 298496K, 70% used [0x00000000e0000000,0x00000000ecd8e4f0,0x00000000f2380000)
  from space 84480K, 0% used [0x00000000f2380000,0x00000000f2380000,0x00000000f7600000)
  to   space 83456K, 0% used [0x00000000fae80000,0x00000000fae80000,0x0000000100000000)
 ParOldGen       total 206336K, used 98674K [0x00000000a0000000, 0x00000000ac980000, 0x00000000e0000000)
  object space 206336K, 47% used [0x00000000a0000000,0x00000000a605c938,0x00000000ac980000)
 Metaspace       used 99981K, capacity 105160K, committed 105304K, reserved 1140736K
  class space    used 12709K, capacity 13895K, committed 13952K, reserved 1048576K
GC Heap History (10 events):
Event: 974.423 GC heap before
{Heap before GC invocations=32 (full 4):
 PSYoungGen      total 265728K, used 265698K [0x00000000e0000000, 0x00000000f7b00000, 0x0000000100000000)
  eden space 212480K, 100% used [0x00000000e0000000,0x00000000ecf80000,0x00000000ecf80000)
  from space 53248K, 99% used [0x00000000ecf80000,0x00000000f03788d8,0x00000000f0380000)
  to   space 66048K, 0% used [0x00000000f3a80000,0x00000000f3a80000,0x00000000f7b00000)
 ParOldGen       total 166400K, used 88874K [0x00000000a0000000, 0x00000000aa280000, 0x00000000e0000000)
  object space 166400K, 53% used [0x00000000a0000000,0x00000000a56ca8a0,0x00000000aa280000)
 Metaspace       used 98114K, capacity 102784K, committed 103000K, reserved 1138688K
  class space    used 12504K, capacity 13587K, committed 13696K, reserved 1048576K
Event: 974.627 GC heap after
Heap after GC invocations=32 (full 4):
 PSYoungGen      total 307200K, used 66040K [0x00000000e0000000, 0x00000000f9e80000, 0x0000000100000000)
  eden space 241152K, 0% used [0x00000000e0000000,0x00000000e0000000,0x00000000eeb80000)
  from space 66048K, 99% used [0x00000000f3a80000,0x00000000f7afe0e8,0x00000000f7b00000)
  to   space 80896K, 0% used [0x00000000eeb80000,0x00000000eeb80000,0x00000000f3a80000)
 ParOldGen       total 166400K, used 99338K [0x00000000a0000000, 0x00000000aa280000, 0x00000000e0000000)
  object space 166400K, 59% used [0x00000000a0000000,0x00000000a6102b28,0x00000000aa280000)
 Metaspace       used 98114K, capacity 102784K, committed 103000K, reserved 1138688K
  class space    used 12504K, capacity 13587K, committed 13696K, reserved 1048576K
}
Event: 976.510 GC heap before
{Heap before GC invocations=33 (full 4):
 PSYoungGen      total 307200K, used 307192K [0x00000000e0000000, 0x00000000f9e80000, 0x0000000100000000)
  eden space 241152K, 100% used [0x00000000e0000000,0x00000000eeb80000,0x00000000eeb80000)
  from space 66048K, 99% used [0x00000000f3a80000,0x00000000f7afe0e8,0x00000000f7b00000)
  to   space 80896K, 0% used [0x00000000eeb80000,0x00000000eeb80000,0x00000000f3a80000)
 ParOldGen       total 166400K, used 99338K [0x00000000a0000000, 0x00000000aa280000, 0x00000000e0000000)
  object space 166400K, 59% used [0x00000000a0000000,0x00000000a6102b28,0x00000000aa280000)
 Metaspace       used 98179K, capacity 102848K, committed 103000K, reserved 1138688K
  class space    used 12504K, capacity 13587K, committed 13696K, reserved 1048576K
Event: 976.715 GC heap after
Heap after GC invocations=33 (full 4):
 PSYoungGen      total 322048K, used 67434K [0x00000000e0000000, 0x00000000fd500000, 0x0000000100000000)
  eden space 241152K, 0% used [0x00000000e0000000,0x00000000e0000000,0x00000000eeb80000)
  from space 80896K, 83% used [0x00000000eeb80000,0x00000000f2d5abc0,0x00000000f3a80000)
  to   space 90112K, 0% used [0x00000000f7d00000,0x00000000f7d00000,0x00000000fd500000)
 ParOldGen       total 166400K, used 112102K [0x00000000a0000000, 0x00000000aa280000, 0x00000000e0000000)
  object space 166400K, 67% used [0x00000000a0000000,0x00000000a6d79ba8,0x00000000aa280000)
 Metaspace       used 98179K, capacity 102848K, committed 103000K, reserved 1138688K
  class space    used 12504K, capacity 13587K, committed 13696K, reserved 1048576K
}
Event: 981.212 GC heap before
{Heap before GC invocations=34 (full 4):
 PSYoungGen      total 322048K, used 308586K [0x00000000e0000000, 0x00000000fd500000, 0x0000000100000000)
  eden space 241152K, 100% used [0x00000000e0000000,0x00000000eeb80000,0x00000000eeb80000)
  from space 80896K, 83% used [0x00000000eeb80000,0x00000000f2d5abc0,0x00000000f3a80000)
  to   space 90112K, 0% used [0x00000000f7d00000,0x00000000f7d00000,0x00000000fd500000)
 ParOldGen       total 166400K, used 112102K [0x00000000a0000000, 0x00000000aa280000, 0x00000000e0000000)
  object space 166400K, 67% used [0x00000000a0000000,0x00000000a6d79ba8,0x00000000aa280000)
 Metaspace       used 98989K, capacity 103724K, committed 103896K, reserved 1138688K
  class space    used 12627K, capacity 13727K, committed 13824K, reserved 1048576K
Event: 981.368 GC heap after
Heap after GC invocations=34 (full 4):
 PSYoungGen      total 375808K, used 34133K [0x00000000e0000000, 0x00000000fc880000, 0x0000000100000000)
  eden space 298496K, 0% used [0x00000000e0000000,0x00000000e0000000,0x00000000f2380000)
  from space 77312K, 44% used [0x00000000f7d00000,0x00000000f9e554b8,0x00000000fc880000)
  to   space 84480K, 0% used [0x00000000f2380000,0x00000000f2380000,0x00000000f7600000)
 ParOldGen       total 166400K, used 133716K [0x00000000a0000000, 0x00000000aa280000, 0x00000000e0000000)
  object space 166400K, 80% used [0x00000000a0000000,0x00000000a82951b0,0x00000000aa280000)
 Metaspace       used 98989K, capacity 103724K, committed 103896K, reserved 1138688K
  class space    used 12627K, capacity 13727K, committed 13824K, reserved 1048576K
}
Event: 982.594 GC heap before
{Heap before GC invocations=35 (full 4):
 PSYoungGen      total 375808K, used 332280K [0x00000000e0000000, 0x00000000fc880000, 0x0000000100000000)
  eden space 298496K, 99% used [0x00000000e0000000,0x00000000f2328c28,0x00000000f2380000)
  from space 77312K, 44% used [0x00000000f7d00000,0x00000000f9e554b8,0x00000000fc880000)
  to   space 84480K, 0% used [0x00000000f2380000,0x00000000f2380000,0x00000000f7600000)
 ParOldGen       total 166400K, used 133716K [0x00000000a0000000, 0x00000000aa280000, 0x00000000e0000000)
  object space 166400K, 80% used [0x00000000a0000000,0x00000000a82951b0,0x00000000aa280000)
 Metaspace       used 99181K, capacity 103896K, committed 104152K, reserved 1140736K
  class space    used 12632K, capacity 13733K, committed 13824K, reserved 1048576K
Event: 982.743 GC heap after
Heap after GC invocations=35 (full 4):
 PSYoungGen      total 382976K, used 9264K [0x00000000e0000000, 0x0000000100000000, 0x0000000100000000)
  eden space 298496K, 0% used [0x00000000e0000000,0x00000000e0000000,0x00000000f2380000)
  from space 84480K, 10% used [0x00000000f2380000,0x00000000f2c8c090,0x00000000f7600000)
  to   space 83456K, 0% used [0x00000000fae80000,0x00000000fae80000,0x0000000100000000)
 ParOldGen       total 166400K, used 156918K [0x00000000a0000000, 0x00000000aa280000, 0x00000000e0000000)
  object space 166400K, 94% used [0x00000000a0000000,0x00000000a993d920,0x00000000aa280000)
 Metaspace       used 99181K, capacity 103896K, committed 104152K, reserved 1140736K
  class space    used 12632K, capacity 13733K, committed 13824K, reserved 1048576K
}
Event: 982.743 GC heap before
{Heap before GC invocations=36 (full 5):
 PSYoungGen      total 382976K, used 9264K [0x00000000e0000000, 0x0000000100000000, 0x0000000100000000)
  eden space 298496K, 0% used [0x00000000e0000000,0x00000000e0000000,0x00000000f2380000)
  from space 84480K, 10% used [0x00000000f2380000,0x00000000f2c8c090,0x00000000f7600000)
  to   space 83456K, 0% used [0x00000000fae80000,0x00000000fae80000,0x0000000100000000)
 ParOldGen       total 166400K, used 156918K [0x00000000a0000000, 0x00000000aa280000, 0x00000000e0000000)
  object space 166400K, 94% used [0x00000000a0000000,0x00000000a993d920,0x00000000aa280000)
 Metaspace       used 99181K, capacity 103896K, committed 104152K, reserved 1140736K
  class space    used 12632K, capacity 13733K, committed 13824K, reserved 1048576K
Event: 983.246 GC heap after
Heap after GC invocations=36 (full 5):
 PSYoungGen      total 382976K, used 0K [0x00000000e0000000, 0x0000000100000000, 0x0000000100000000)
  eden space 298496K, 0% used [0x00000000e0000000,0x00000000e0000000,0x00000000f2380000)
  from space 84480K, 0% used [0x00000000f2380000,0x00000000f2380000,0x00000000f7600000)
  to   space 83456K, 0% used [0x00000000fae80000,0x00000000fae80000,0x0000000100000000)
 ParOldGen       total 206336K, used 98674K [0x00000000a0000000, 0x00000000ac980000, 0x00000000e0000000)
  object space 206336K, 47% used [0x00000000a0000000,0x00000000a605c938,0x00000000ac980000)
 Metaspace       used 99168K, capacity 103860K, committed 104152K, reserved 1140736K
  class space    used 12628K, capacity 13725K, committed 13824K, reserved 1048576K
}

